Log file open, 07/30/19 22:40:56
LogWindows: Failed to load 'aqProf.dll' (GetLastError=126)
LogWindows: File 'aqProf.dll' does not exist
LogWindows: Failed to load 'VtuneApi.dll' (GetLastError=126)
LogWindows: File 'VtuneApi.dll' does not exist
LogWindows: Failed to load 'VtuneApi32e.dll' (GetLastError=126)
LogWindows: File 'VtuneApi32e.dll' does not exist
LogConsoleResponse: Display: Failed to find resolution value strings in scalability ini. Falling back to default.
LogInit: Display: Running engine for game: Tower
LogPakFile: Registered encryption key '00000000000000000000000000000000': 0 pak files mounted, 0 remain pending
LogPlatformFile: Not using cached read wrapper
LogTaskGraph: Started task graph with 5 named threads and 14 total threads with 3 sets of task threads.
LogStats: Stats thread started at 0.200350
LogD3D11RHI: Loaded GFSDK_Aftermath_Lib.x64.dll
LogICUInternationalization: ICU TimeZone Detection - Raw Offset: +10:00, Platform Override: ''
LogPluginManager: Mounting plugin Paper2D
LogPluginManager: Mounting plugin AISupport
LogPluginManager: Mounting plugin LightPropagationVolume
LogPluginManager: Mounting plugin ActorLayerUtilities
LogPluginManager: Mounting plugin CLionSourceCodeAccess
LogPluginManager: Mounting plugin CodeLiteSourceCodeAccess
LogPluginManager: Mounting plugin GitSourceControl
LogPluginManager: Mounting plugin KDevelopSourceCodeAccess
LogPluginManager: Mounting plugin NullSourceCodeAccess
LogPluginManager: Mounting plugin PerforceSourceControl
LogPluginManager: Mounting plugin SubversionSourceControl
LogPluginManager: Mounting plugin UObjectPlugin
LogPluginManager: Mounting plugin VisualStudioCodeSourceCodeAccess
LogPluginManager: Mounting plugin VisualStudioSourceCodeAccess
LogPluginManager: Mounting plugin XCodeSourceCodeAccess
LogPluginManager: Mounting plugin AssetManagerEditor
LogPluginManager: Mounting plugin CryptoKeys
LogPluginManager: Mounting plugin DataValidation
LogPluginManager: Mounting plugin FacialAnimation
LogPluginManager: Mounting plugin GameplayTagsEditor
LogPluginManager: Mounting plugin MacGraphicsSwitching
LogPluginManager: Mounting plugin MeshEditor
LogPluginManager: Mounting plugin MobileLauncherProfileWizard
LogPluginManager: Mounting plugin PluginBrowser
LogPluginManager: Mounting plugin SpeedTreeImporter
LogPluginManager: Mounting plugin DatasmithContent
LogPluginManager: Mounting plugin VariantManagerContent
LogPluginManager: Mounting plugin AlembicImporter
LogPluginManager: Mounting plugin AppleImageUtils
LogPluginManager: Mounting plugin AppleVision
LogPluginManager: Mounting plugin BackChannel
LogPluginManager: Mounting plugin CharacterAI
LogPluginManager: Mounting plugin GeometryCache
LogPluginManager: Mounting plugin HTML5Networking
LogPluginManager: Mounting plugin ProxyLODPlugin
LogPluginManager: Mounting plugin MagicLeap
LogPluginManager: Mounting plugin MagicLeapMedia
LogPluginManager: Mounting plugin AndroidMedia
LogPluginManager: Mounting plugin AvfMedia
LogPluginManager: Mounting plugin ImgMedia
LogPluginManager: Mounting plugin LinearTimecode
LogPluginManager: Mounting plugin MediaCompositing
LogPluginManager: Mounting plugin MediaPlayerEditor
LogPluginManager: Mounting plugin WebMMedia
LogPluginManager: Mounting plugin WmfMedia
LogPluginManager: Mounting plugin TcpMessaging
LogPluginManager: Mounting plugin UdpMessaging
LogPluginManager: Mounting plugin ActorSequence
LogPluginManager: Mounting plugin LevelSequenceEditor
LogPluginManager: Mounting plugin MatineeToLevelSequence
LogPluginManager: Mounting plugin NetcodeUnitTest
LogPluginManager: Mounting plugin NUTUnrealEngine4
LogPluginManager: Mounting plugin OnlineSubsystemGooglePlay
LogPluginManager: Mounting plugin OnlineSubsystemIOS
LogPluginManager: Mounting plugin OnlineSubsystem
LogPluginManager: Mounting plugin OnlineSubsystemNull
LogPluginManager: Mounting plugin OnlineSubsystemUtils
LogPluginManager: Mounting plugin LauncherChunkInstaller
LogPluginManager: Mounting plugin AndroidDeviceProfileSelector
LogPluginManager: Mounting plugin AndroidMoviePlayer
LogPluginManager: Mounting plugin AndroidPermission
LogPluginManager: Mounting plugin AppleMoviePlayer
LogPluginManager: Mounting plugin ArchVisCharacter
LogPluginManager: Mounting plugin AudioCapture
LogPluginManager: Mounting plugin CableComponent
LogPluginManager: Mounting plugin CustomMeshComponent
LogPluginManager: Mounting plugin EditableMesh
LogPluginManager: Mounting plugin ExampleDeviceProfileSelector
LogPluginManager: Mounting plugin Firebase
LogPluginManager: Mounting plugin GoogleCloudMessaging
LogPluginManager: Mounting plugin IOSDeviceProfileSelector
LogPluginManager: Mounting plugin LinuxDeviceProfileSelector
LogPluginManager: Mounting plugin LocationServicesBPLibrary
LogPluginManager: Mounting plugin MobilePatchingUtils
LogPluginManager: Mounting plugin OculusVR
LogPluginManager: Mounting plugin PhysXVehicles
LogPluginManager: Mounting plugin ProceduralMeshComponent
LogPluginManager: Mounting plugin RuntimePhysXCooking
LogPluginManager: Mounting plugin SteamVR
LogPluginManager: Mounting plugin WebMMoviePlayer
LogPluginManager: Mounting plugin WindowsMoviePlayer
LogStreaming: Display: Took  0.695s to configure plugins.
LogInit: Using libcurl 7.55.1-DEV
LogInit:  - built for x86_64-pc-win32
LogInit:  - supports SSL with OpenSSL/1.0.2h
LogInit:  - supports HTTP deflate (compression) using libz 1.2.8
LogInit:  - other features:
LogInit:      CURL_VERSION_SSL
LogInit:      CURL_VERSION_LIBZ
LogInit:      CURL_VERSION_IPV6
LogInit:      CURL_VERSION_ASYNCHDNS
LogInit:      CURL_VERSION_LARGEFILE
LogInit:      CURL_VERSION_IDN
LogInit:  CurlRequestOptions (configurable via config and command line):
LogInit:  - bVerifyPeer = true  - Libcurl will verify peer certificate
LogInit:  - bUseHttpProxy = false  - Libcurl will NOT use HTTP proxy
LogInit:  - bDontReuseConnections = false  - Libcurl will reuse connections
LogInit:  - MaxHostConnections = 16  - Libcurl will limit the number of connections to a host
LogInit:  - LocalHostAddr = Default
LogInit:  - BufferSize = 65536
LogInit: WinSock: version 1.1 (2.2), MaxSocks=32767, MaxUdp=65467
LogInit: Build: ++UE4+Release-4.21-CL-4753647
LogInit: Engine Version: 4.21.2-4753647+++UE4+Release-4.21
LogInit: Compatible Engine Version: 4.21.0-4541578+++UE4+Release-4.21
LogInit: Net CL: 4541578
LogInit: OS: Windows 10 (), CPU: Intel(R) Core(TM) i5-6500 CPU @ 3.20GHz, GPU: NVIDIA GeForce GTX 1080
LogInit: Compiled (64-bit): Jan 19 2019 02:07:31
LogInit: Compiled with Visual C++: 19.13.26129.00
LogInit: Build Configuration: Development
LogInit: Branch Name: ++UE4+Release-4.21
LogInit: Command Line: 
LogInit: Base Directory: C:/Program Files/Epic Games/UE_4.21/Engine/Binaries/Win64/
LogInit: Installed Engine Build: 1
LogDevObjectVersion: Number of dev versions registered: 22
LogDevObjectVersion:   Dev-Blueprints (B0D832E4-1F89-4F0D-ACCF-7EB736FD4AA2): 10
LogDevObjectVersion:   Dev-Build (E1C64328-A22C-4D53-A36C-8E866417BD8C): 0
LogDevObjectVersion:   Dev-Core (375EC13C-06E4-48FB-B500-84F0262A717E): 2
LogDevObjectVersion:   Dev-Editor (E4B068ED-F494-42E9-A231-DA0B2E46BB41): 26
LogDevObjectVersion:   Dev-Framework (CFFC743F-43B0-4480-9391-14DF171D2073): 34
LogDevObjectVersion:   Dev-Mobile (B02B49B5-BB20-44E9-A304-32B752E40360): 2
LogDevObjectVersion:   Dev-Networking (A4E4105C-59A1-49B5-A7C5-40C4547EDFEE): 0
LogDevObjectVersion:   Dev-Online (39C831C9-5AE6-47DC-9A44-9C173E1C8E7C): 0
LogDevObjectVersion:   Dev-Physics (78F01B33-EBEA-4F98-B9B4-84EACCB95AA2): 0
LogDevObjectVersion:   Dev-Platform (6631380F-2D4D-43E0-8009-CF276956A95A): 0
LogDevObjectVersion:   Dev-Rendering (12F88B9F-8875-4AFC-A67C-D90C383ABD29): 27
LogDevObjectVersion:   Dev-Sequencer (7B5AE74C-D270-4C10-A958-57980B212A5A): 9
LogDevObjectVersion:   Dev-VR (D7296918-1DD6-4BDD-9DE2-64A83CC13884): 2
LogDevObjectVersion:   Dev-LoadTimes (C2A15278-BFE7-4AFE-6C17-90FF531DF755): 1
LogDevObjectVersion:   Private-Geometry (6EACA3D4-40EC-4CC1-B786-8BED09428FC5): 3
LogDevObjectVersion:   Dev-AnimPhys (29E575DD-E0A3-4627-9D10-D276232CDCEA): 17
LogDevObjectVersion:   Dev-Anim (AF43A65D-7FD3-4947-9873-3E8ED9C1BB05): 2
LogDevObjectVersion:   Dev-ReflectionCapture (6B266CEC-1EC7-4B8F-A30B-E4D90942FC07): 1
LogDevObjectVersion:   Dev-Automation (0DF73D61-A23F-47EA-B727-89E90C41499A): 1
LogDevObjectVersion:   FortniteMain (601D1886-AC64-4F84-AA16-D3DE0DEAC7D6): 17
LogDevObjectVersion:   Dev-Enterprise (9DFFBCD6-494F-0158-E221-12823C92A888): 4
LogDevObjectVersion:   Dev-Niagara (F2AED0AC-9AFE-416F-8664-AA7FFA26D6FC): 1
LogStreaming: Display: Took  0.013s to delete old logs.
LogInit: Presizing for max 8388607 objects, including 0 objects not considered by GC, pre-allocating 0 bytes for permanent pool.
LogInit: Object subsystem initialized
LogConfig: Setting CVar [[con.DebugEarlyDefault:1]]
LogConfig: Setting CVar [[r.setres:1280x720]]
[2019.07.30-12.40.56:649][  0]LogConfig: Setting CVar [[r.VSync:0]]
[2019.07.30-12.40.56:649][  0]LogConfig: Setting CVar [[r.RHICmdBypass:0]]
[2019.07.30-12.40.56:649][  0]LogConfig: Applying CVar settings from Section [/Script/Engine.RendererSettings] File [D:/Unreal/Tower/Tower/Saved/Config/Windows/Engine.ini]
[2019.07.30-12.40.56:649][  0]LogConfig: Setting CVar [[r.GPUCrashDebugging:0]]
[2019.07.30-12.40.56:649][  0]LogConfig: Applying CVar settings from Section [/Script/Engine.RendererOverrideSettings] File [D:/Unreal/Tower/Tower/Saved/Config/Windows/Engine.ini]
[2019.07.30-12.40.56:649][  0]LogConfig: Applying CVar settings from Section [/Script/Engine.StreamingSettings] File [D:/Unreal/Tower/Tower/Saved/Config/Windows/Engine.ini]
[2019.07.30-12.40.56:649][  0]LogConfig: Setting CVar [[s.MinBulkDataSizeForAsyncLoading:131072]]
[2019.07.30-12.40.56:649][  0]LogConfig: Setting CVar [[s.AsyncLoadingThreadEnabled:0]]
[2019.07.30-12.40.56:649][  0]LogConfig: Setting CVar [[s.EventDrivenLoaderEnabled:1]]
[2019.07.30-12.40.56:649][  0]LogConfig: Setting CVar [[s.WarnIfTimeLimitExceeded:0]]
[2019.07.30-12.40.56:649][  0]LogConfig: Setting CVar [[s.TimeLimitExceededMultiplier:1.5]]
[2019.07.30-12.40.56:649][  0]LogConfig: Setting CVar [[s.TimeLimitExceededMinTime:0.005]]
[2019.07.30-12.40.56:649][  0]LogConfig: Setting CVar [[s.UseBackgroundLevelStreaming:1]]
[2019.07.30-12.40.56:649][  0]LogConfig: Setting CVar [[s.PriorityAsyncLoadingExtraTime:15.0]]
[2019.07.30-12.40.56:649][  0]LogConfig: Setting CVar [[s.LevelStreamingActorsUpdateTimeLimit:5.0]]
[2019.07.30-12.40.56:649][  0]LogConfig: Setting CVar [[s.PriorityLevelStreamingActorsUpdateExtraTime:5.0]]
[2019.07.30-12.40.56:649][  0]LogConfig: Setting CVar [[s.LevelStreamingComponentsRegistrationGranularity:10]]
[2019.07.30-12.40.56:649][  0]LogConfig: Setting CVar [[s.UnregisterComponentsTimeLimit:1.0]]
[2019.07.30-12.40.56:649][  0]LogConfig: Setting CVar [[s.LevelStreamingComponentsUnregistrationGranularity:5]]
[2019.07.30-12.40.56:650][  0]LogConfig: Applying CVar settings from Section [/Script/Engine.GarbageCollectionSettings] File [D:/Unreal/Tower/Tower/Saved/Config/Windows/Engine.ini]
[2019.07.30-12.40.56:650][  0]LogConfig: Setting CVar [[gc.MaxObjectsNotConsideredByGC:1]]
[2019.07.30-12.40.56:650][  0]LogConfig: Setting CVar [[gc.SizeOfPermanentObjectPool:0]]
[2019.07.30-12.40.56:650][  0]LogConfig: Setting CVar [[gc.FlushStreamingOnGC:0]]
[2019.07.30-12.40.56:650][  0]LogConfig: Setting CVar [[gc.NumRetriesBeforeForcingGC:10]]
[2019.07.30-12.40.56:650][  0]LogConfig: Setting CVar [[gc.AllowParallelGC:1]]
[2019.07.30-12.40.56:650][  0]LogConfig: Setting CVar [[gc.TimeBetweenPurgingPendingKillObjects:61.1]]
[2019.07.30-12.40.56:650][  0]LogConfig: Setting CVar [[gc.MaxObjectsInEditor:8388607]]
[2019.07.30-12.40.56:650][  0]LogConfig: Setting CVar [[gc.IncrementalBeginDestroyEnabled:1]]
[2019.07.30-12.40.56:650][  0]LogConfig: Setting CVar [[gc.CreateGCClusters:1]]
[2019.07.30-12.40.56:650][  0]LogConfig: Setting CVar [[gc.MergeGCClusters:0]]
[2019.07.30-12.40.56:650][  0]LogConfig: Setting CVar [[gc.MinGCClusterSize:5]]
[2019.07.30-12.40.56:650][  0]LogConfig: Setting CVar [[gc.ActorClusteringEnabled:0]]
[2019.07.30-12.40.56:650][  0]LogConfig: Setting CVar [[gc.BlueprintClusteringEnabled:0]]
[2019.07.30-12.40.56:650][  0]LogConfig: Setting CVar [[gc.UseDisregardForGCOnDedicatedServers:0]]
[2019.07.30-12.40.56:650][  0]LogConfig: Applying CVar settings from Section [/Script/Engine.NetworkSettings] File [D:/Unreal/Tower/Tower/Saved/Config/Windows/Engine.ini]
[2019.07.30-12.40.56:650][  0]LogConfig: Applying CVar settings from Section [/Script/UnrealEd.CookerSettings] File [D:/Unreal/Tower/Tower/Saved/Config/Windows/Engine.ini]
[2019.07.30-12.40.56:657][  0]LogConfig: Applying CVar settings from Section [ViewDistanceQuality@3] File [D:/Unreal/Tower/Tower/Saved/Config/Windows/Scalability.ini]
[2019.07.30-12.40.56:657][  0]LogConfig: Setting CVar [[r.SkeletalMeshLODBias:0]]
[2019.07.30-12.40.56:657][  0]LogConfig: Setting CVar [[r.ViewDistanceScale:1.0]]
[2019.07.30-12.40.56:657][  0]LogConfig: Applying CVar settings from Section [AntiAliasingQuality@3] File [D:/Unreal/Tower/Tower/Saved/Config/Windows/Scalability.ini]
[2019.07.30-12.40.56:657][  0]LogConfig: Setting CVar [[r.PostProcessAAQuality:4]]
[2019.07.30-12.40.56:657][  0]LogConfig: Applying CVar settings from Section [ShadowQuality@3] File [D:/Unreal/Tower/Tower/Saved/Config/Windows/Scalability.ini]
[2019.07.30-12.40.56:657][  0]LogConfig: Setting CVar [[r.LightFunctionQuality:1]]
[2019.07.30-12.40.56:657][  0]LogConfig: Setting CVar [[r.ShadowQuality:5]]
[2019.07.30-12.40.56:657][  0]LogConfig: Setting CVar [[r.Shadow.CSM.MaxCascades:10]]
[2019.07.30-12.40.56:657][  0]LogConfig: Setting CVar [[r.Shadow.MaxResolution:2048]]
[2019.07.30-12.40.56:657][  0]LogConfig: Setting CVar [[r.Shadow.MaxCSMResolution:2048]]
[2019.07.30-12.40.56:657][  0]LogConfig: Setting CVar [[r.Shadow.RadiusThreshold:0.01]]
[2019.07.30-12.40.56:657][  0]LogConfig: Setting CVar [[r.Shadow.DistanceScale:1.0]]
[2019.07.30-12.40.56:657][  0]LogConfig: Setting CVar [[r.Shadow.CSM.TransitionScale:1.0]]
[2019.07.30-12.40.56:657][  0]LogConfig: Setting CVar [[r.Shadow.PreShadowResolutionFactor:1.0]]
[2019.07.30-12.40.56:657][  0]LogConfig: Setting CVar [[r.DistanceFieldShadowing:1]]
[2019.07.30-12.40.56:657][  0]LogConfig: Setting CVar [[r.DistanceFieldAO:1]]
[2019.07.30-12.40.56:657][  0]LogConfig: Setting CVar [[r.AOQuality:2]]
[2019.07.30-12.40.56:657][  0]LogConfig: Setting CVar [[r.VolumetricFog:1]]
[2019.07.30-12.40.56:657][  0]LogConfig: Setting CVar [[r.VolumetricFog.GridPixelSize:8]]
[2019.07.30-12.40.56:657][  0]LogConfig: Setting CVar [[r.VolumetricFog.GridSizeZ:128]]
[2019.07.30-12.40.56:657][  0]LogConfig: Setting CVar [[r.VolumetricFog.HistoryMissSupersampleCount:4]]
[2019.07.30-12.40.56:657][  0]LogConfig: Setting CVar [[r.LightMaxDrawDistanceScale:1]]
[2019.07.30-12.40.56:657][  0]LogConfig: Setting CVar [[r.CapsuleShadows:1]]
[2019.07.30-12.40.56:657][  0]LogConfig: Applying CVar settings from Section [PostProcessQuality@3] File [D:/Unreal/Tower/Tower/Saved/Config/Windows/Scalability.ini]
[2019.07.30-12.40.56:657][  0]LogConfig: Setting CVar [[r.MotionBlurQuality:4]]
[2019.07.30-12.40.56:657][  0]LogConfig: Setting CVar [[r.AmbientOcclusionMipLevelFactor:0.4]]
[2019.07.30-12.40.56:657][  0]LogConfig: Setting CVar [[r.AmbientOcclusionMaxQuality:100]]
[2019.07.30-12.40.56:657][  0]LogConfig: Setting CVar [[r.AmbientOcclusionLevels:-1]]
[2019.07.30-12.40.56:657][  0]LogConfig: Setting CVar [[r.AmbientOcclusionRadiusScale:1.0]]
[2019.07.30-12.40.56:657][  0]LogConfig: Setting CVar [[r.DepthOfFieldQuality:2]]
[2019.07.30-12.40.56:657][  0]LogConfig: Setting CVar [[r.RenderTargetPoolMin:400]]
[2019.07.30-12.40.56:657][  0]LogConfig: Setting CVar [[r.LensFlareQuality:2]]
[2019.07.30-12.40.56:657][  0]LogConfig: Setting CVar [[r.SceneColorFringeQuality:1]]
[2019.07.30-12.40.56:657][  0]LogConfig: Setting CVar [[r.EyeAdaptationQuality:2]]
[2019.07.30-12.40.56:657][  0]LogConfig: Setting CVar [[r.BloomQuality:5]]
[2019.07.30-12.40.56:657][  0]LogConfig: Setting CVar [[r.FastBlurThreshold:100]]
[2019.07.30-12.40.56:657][  0]LogConfig: Setting CVar [[r.Upscale.Quality:3]]
[2019.07.30-12.40.56:657][  0]LogConfig: Setting CVar [[r.Tonemapper.GrainQuantization:1]]
[2019.07.30-12.40.56:657][  0]LogConfig: Setting CVar [[r.LightShaftQuality:1]]
[2019.07.30-12.40.56:657][  0]LogConfig: Setting CVar [[r.Filter.SizeScale:1]]
[2019.07.30-12.40.56:657][  0]LogConfig: Setting CVar [[r.Tonemapper.Quality:5]]
[2019.07.30-12.40.56:657][  0]LogConfig: Setting CVar [[r.DOF.Gather.AccumulatorQuality:1        ; higher gathering accumulator quality]]
[2019.07.30-12.40.56:657][  0]LogConfig: Setting CVar [[r.DOF.Gather.PostfilterMethod:1          ; Median3x3 postfilering method]]
[2019.07.30-12.40.56:657][  0]LogConfig: Setting CVar [[r.DOF.Gather.EnableBokehSettings:0       ; no bokeh simulation when gathering]]
[2019.07.30-12.40.56:657][  0]LogConfig: Setting CVar [[r.DOF.Gather.RingCount:4                 ; medium number of samples when gathering]]
[2019.07.30-12.40.56:657][  0]LogConfig: Setting CVar [[r.DOF.Scatter.ForegroundCompositing:1    ; additive foreground scattering]]
[2019.07.30-12.40.56:657][  0]LogConfig: Setting CVar [[r.DOF.Scatter.BackgroundCompositing:2    ; additive background scattering]]
[2019.07.30-12.40.56:657][  0]LogConfig: Setting CVar [[r.DOF.Scatter.EnableBokehSettings:1      ; bokeh simulation when scattering]]
[2019.07.30-12.40.56:657][  0]LogConfig: Setting CVar [[r.DOF.Scatter.MaxSpriteRatio:0.1         ; only a maximum of 10% of scattered bokeh]]
[2019.07.30-12.40.56:657][  0]LogConfig: Setting CVar [[r.DOF.Recombine.Quality:1                ; cheap slight out of focus]]
[2019.07.30-12.40.56:657][  0]LogConfig: Setting CVar [[r.DOF.Recombine.EnableBokehSettings:0    ; no bokeh simulation on slight out of focus]]
[2019.07.30-12.40.56:657][  0]LogConfig: Setting CVar [[r.DOF.TemporalAAQuality:1                ; more stable temporal accumulation]]
[2019.07.30-12.40.56:657][  0]LogConfig: Setting CVar [[r.DOF.Kernel.MaxForegroundRadius:0.025]]
[2019.07.30-12.40.56:657][  0]LogConfig: Setting CVar [[r.DOF.Kernel.MaxBackgroundRadius:0.025]]
[2019.07.30-12.40.56:657][  0]LogConfig: Applying CVar settings from Section [TextureQuality@3] File [D:/Unreal/Tower/Tower/Saved/Config/Windows/Scalability.ini]
[2019.07.30-12.40.56:657][  0]LogConfig: Setting CVar [[r.Streaming.MipBias:0]]
[2019.07.30-12.40.56:657][  0]LogConfig: Setting CVar [[r.Streaming.AmortizeCPUToGPUCopy:0]]
[2019.07.30-12.40.56:657][  0]LogConfig: Setting CVar [[r.Streaming.MaxNumTexturesToStreamPerFrame:0]]
[2019.07.30-12.40.56:657][  0]LogConfig: Setting CVar [[r.Streaming.Boost:1]]
[2019.07.30-12.40.56:657][  0]LogConfig: Setting CVar [[r.MaxAnisotropy:8]]
[2019.07.30-12.40.56:657][  0]LogConfig: Setting CVar [[r.Streaming.LimitPoolSizeToVRAM:0]]
[2019.07.30-12.40.56:657][  0]LogConfig: Setting CVar [[r.Streaming.PoolSize:1000]]
[2019.07.30-12.40.56:657][  0]LogConfig: Setting CVar [[r.Streaming.MaxEffectiveScreenSize:0]]
[2019.07.30-12.40.56:657][  0]LogConfig: Applying CVar settings from Section [EffectsQuality@3] File [D:/Unreal/Tower/Tower/Saved/Config/Windows/Scalability.ini]
[2019.07.30-12.40.56:657][  0]LogConfig: Setting CVar [[r.TranslucencyLightingVolumeDim:64]]
[2019.07.30-12.40.56:658][  0]LogConfig: Setting CVar [[r.RefractionQuality:2]]
[2019.07.30-12.40.56:658][  0]LogConfig: Setting CVar [[r.SSR.Quality:3]]
[2019.07.30-12.40.56:658][  0]LogConfig: Setting CVar [[r.SceneColorFormat:4]]
[2019.07.30-12.40.56:658][  0]LogConfig: Setting CVar [[r.DetailMode:2]]
[2019.07.30-12.40.56:658][  0]LogConfig: Setting CVar [[r.TranslucencyVolumeBlur:1]]
[2019.07.30-12.40.56:658][  0]LogConfig: Setting CVar [[r.MaterialQualityLevel:1 ; High quality]]
[2019.07.30-12.40.56:658][  0]LogConfig: Setting CVar [[r.SSS.Scale:1]]
[2019.07.30-12.40.56:658][  0]LogConfig: Setting CVar [[r.SSS.SampleSet:2]]
[2019.07.30-12.40.56:658][  0]LogConfig: Setting CVar [[r.SSS.Quality:1]]
[2019.07.30-12.40.56:658][  0]LogConfig: Setting CVar [[r.SSS.HalfRes:1]]
[2019.07.30-12.40.56:658][  0]LogConfig: Setting CVar [[r.EmitterSpawnRateScale:1.0]]
[2019.07.30-12.40.56:658][  0]LogConfig: Setting CVar [[r.ParticleLightQuality:2]]
[2019.07.30-12.40.56:658][  0]LogConfig: Applying CVar settings from Section [FoliageQuality@3] File [D:/Unreal/Tower/Tower/Saved/Config/Windows/Scalability.ini]
[2019.07.30-12.40.56:658][  0]LogConfig: Setting CVar [[foliage.DensityScale:1.0]]
[2019.07.30-12.40.56:658][  0]LogConfig: Setting CVar [[grass.DensityScale:1.0]]
[2019.07.30-12.40.56:658][  0]LogInit: Selected Device Profile: [Windows]
[2019.07.30-12.40.56:658][  0]LogInit: Applying CVar settings loaded from the selected device profile: [Windows]
[2019.07.30-12.40.56:668][  0]LogHAL: Display: Platform has ~ 16 GB [17134788608 / 17179869184 / 16], which maps to Larger [LargestMinGB=32, LargerMinGB=12, DefaultMinGB=8, SmallerMinGB=6, SmallestMinGB=0)
[2019.07.30-12.40.56:668][  0]LogConfig: Setting CVar [[r.Vulkan.UseRealUBs:1]]
[2019.07.30-12.40.56:668][  0]LogInit: Going up to parent DeviceProfile []
[2019.07.30-12.40.56:668][  0]LogConfig: Applying CVar settings from Section [ViewDistanceQuality@3] File [D:/Unreal/Tower/Tower/Saved/Config/Windows/Scalability.ini]
[2019.07.30-12.40.56:668][  0]LogConfig: Setting CVar [[r.SkeletalMeshLODBias:0]]
[2019.07.30-12.40.56:668][  0]LogConfig: Setting CVar [[r.ViewDistanceScale:1.0]]
[2019.07.30-12.40.56:668][  0]LogConfig: Applying CVar settings from Section [AntiAliasingQuality@3] File [D:/Unreal/Tower/Tower/Saved/Config/Windows/Scalability.ini]
[2019.07.30-12.40.56:668][  0]LogConfig: Setting CVar [[r.PostProcessAAQuality:4]]
[2019.07.30-12.40.56:668][  0]LogConfig: Applying CVar settings from Section [ShadowQuality@3] File [D:/Unreal/Tower/Tower/Saved/Config/Windows/Scalability.ini]
[2019.07.30-12.40.56:668][  0]LogConfig: Setting CVar [[r.LightFunctionQuality:1]]
[2019.07.30-12.40.56:668][  0]LogConfig: Setting CVar [[r.ShadowQuality:5]]
[2019.07.30-12.40.56:668][  0]LogConfig: Setting CVar [[r.Shadow.CSM.MaxCascades:10]]
[2019.07.30-12.40.56:668][  0]LogConfig: Setting CVar [[r.Shadow.MaxResolution:2048]]
[2019.07.30-12.40.56:668][  0]LogConfig: Setting CVar [[r.Shadow.MaxCSMResolution:2048]]
[2019.07.30-12.40.56:668][  0]LogConfig: Setting CVar [[r.Shadow.RadiusThreshold:0.01]]
[2019.07.30-12.40.56:669][  0]LogConfig: Setting CVar [[r.Shadow.DistanceScale:1.0]]
[2019.07.30-12.40.56:669][  0]LogConfig: Setting CVar [[r.Shadow.CSM.TransitionScale:1.0]]
[2019.07.30-12.40.56:669][  0]LogConfig: Setting CVar [[r.Shadow.PreShadowResolutionFactor:1.0]]
[2019.07.30-12.40.56:669][  0]LogConfig: Setting CVar [[r.DistanceFieldShadowing:1]]
[2019.07.30-12.40.56:669][  0]LogConfig: Setting CVar [[r.DistanceFieldAO:1]]
[2019.07.30-12.40.56:669][  0]LogConfig: Setting CVar [[r.AOQuality:2]]
[2019.07.30-12.40.56:669][  0]LogConfig: Setting CVar [[r.VolumetricFog:1]]
[2019.07.30-12.40.56:669][  0]LogConfig: Setting CVar [[r.VolumetricFog.GridPixelSize:8]]
[2019.07.30-12.40.56:669][  0]LogConfig: Setting CVar [[r.VolumetricFog.GridSizeZ:128]]
[2019.07.30-12.40.56:669][  0]LogConfig: Setting CVar [[r.VolumetricFog.HistoryMissSupersampleCount:4]]
[2019.07.30-12.40.56:669][  0]LogConfig: Setting CVar [[r.LightMaxDrawDistanceScale:1]]
[2019.07.30-12.40.56:669][  0]LogConfig: Setting CVar [[r.CapsuleShadows:1]]
[2019.07.30-12.40.56:669][  0]LogConfig: Applying CVar settings from Section [PostProcessQuality@3] File [D:/Unreal/Tower/Tower/Saved/Config/Windows/Scalability.ini]
[2019.07.30-12.40.56:669][  0]LogConfig: Setting CVar [[r.MotionBlurQuality:4]]
[2019.07.30-12.40.56:669][  0]LogConfig: Setting CVar [[r.AmbientOcclusionMipLevelFactor:0.4]]
[2019.07.30-12.40.56:669][  0]LogConfig: Setting CVar [[r.AmbientOcclusionMaxQuality:100]]
[2019.07.30-12.40.56:669][  0]LogConfig: Setting CVar [[r.AmbientOcclusionLevels:-1]]
[2019.07.30-12.40.56:669][  0]LogConfig: Setting CVar [[r.AmbientOcclusionRadiusScale:1.0]]
[2019.07.30-12.40.56:669][  0]LogConfig: Setting CVar [[r.DepthOfFieldQuality:2]]
[2019.07.30-12.40.56:669][  0]LogConfig: Setting CVar [[r.RenderTargetPoolMin:400]]
[2019.07.30-12.40.56:669][  0]LogConfig: Setting CVar [[r.LensFlareQuality:2]]
[2019.07.30-12.40.56:669][  0]LogConfig: Setting CVar [[r.SceneColorFringeQuality:1]]
[2019.07.30-12.40.56:669][  0]LogConfig: Setting CVar [[r.EyeAdaptationQuality:2]]
[2019.07.30-12.40.56:669][  0]LogConfig: Setting CVar [[r.BloomQuality:5]]
[2019.07.30-12.40.56:669][  0]LogConfig: Setting CVar [[r.FastBlurThreshold:100]]
[2019.07.30-12.40.56:669][  0]LogConfig: Setting CVar [[r.Upscale.Quality:3]]
[2019.07.30-12.40.56:669][  0]LogConfig: Setting CVar [[r.Tonemapper.GrainQuantization:1]]
[2019.07.30-12.40.56:669][  0]LogConfig: Setting CVar [[r.LightShaftQuality:1]]
[2019.07.30-12.40.56:669][  0]LogConfig: Setting CVar [[r.Filter.SizeScale:1]]
[2019.07.30-12.40.56:669][  0]LogConfig: Setting CVar [[r.Tonemapper.Quality:5]]
[2019.07.30-12.40.56:669][  0]LogConfig: Setting CVar [[r.DOF.Gather.AccumulatorQuality:1        ; higher gathering accumulator quality]]
[2019.07.30-12.40.56:669][  0]LogConfig: Setting CVar [[r.DOF.Gather.PostfilterMethod:1          ; Median3x3 postfilering method]]
[2019.07.30-12.40.56:669][  0]LogConfig: Setting CVar [[r.DOF.Gather.EnableBokehSettings:0       ; no bokeh simulation when gathering]]
[2019.07.30-12.40.56:669][  0]LogConfig: Setting CVar [[r.DOF.Gather.RingCount:4                 ; medium number of samples when gathering]]
[2019.07.30-12.40.56:669][  0]LogConfig: Setting CVar [[r.DOF.Scatter.ForegroundCompositing:1    ; additive foreground scattering]]
[2019.07.30-12.40.56:669][  0]LogConfig: Setting CVar [[r.DOF.Scatter.BackgroundCompositing:2    ; additive background scattering]]
[2019.07.30-12.40.56:669][  0]LogConfig: Setting CVar [[r.DOF.Scatter.EnableBokehSettings:1      ; bokeh simulation when scattering]]
[2019.07.30-12.40.56:669][  0]LogConfig: Setting CVar [[r.DOF.Scatter.MaxSpriteRatio:0.1         ; only a maximum of 10% of scattered bokeh]]
[2019.07.30-12.40.56:669][  0]LogConfig: Setting CVar [[r.DOF.Recombine.Quality:1                ; cheap slight out of focus]]
[2019.07.30-12.40.56:669][  0]LogConfig: Setting CVar [[r.DOF.Recombine.EnableBokehSettings:0    ; no bokeh simulation on slight out of focus]]
[2019.07.30-12.40.56:669][  0]LogConfig: Setting CVar [[r.DOF.TemporalAAQuality:1                ; more stable temporal accumulation]]
[2019.07.30-12.40.56:669][  0]LogConfig: Setting CVar [[r.DOF.Kernel.MaxForegroundRadius:0.025]]
[2019.07.30-12.40.56:669][  0]LogConfig: Setting CVar [[r.DOF.Kernel.MaxBackgroundRadius:0.025]]
[2019.07.30-12.40.56:669][  0]LogConfig: Applying CVar settings from Section [TextureQuality@3] File [D:/Unreal/Tower/Tower/Saved/Config/Windows/Scalability.ini]
[2019.07.30-12.40.56:669][  0]LogConfig: Setting CVar [[r.Streaming.MipBias:0]]
[2019.07.30-12.40.56:669][  0]LogConfig: Setting CVar [[r.Streaming.AmortizeCPUToGPUCopy:0]]
[2019.07.30-12.40.56:669][  0]LogConfig: Setting CVar [[r.Streaming.MaxNumTexturesToStreamPerFrame:0]]
[2019.07.30-12.40.56:669][  0]LogConfig: Setting CVar [[r.Streaming.Boost:1]]
[2019.07.30-12.40.56:669][  0]LogConfig: Setting CVar [[r.MaxAnisotropy:8]]
[2019.07.30-12.40.56:669][  0]LogConfig: Setting CVar [[r.Streaming.LimitPoolSizeToVRAM:0]]
[2019.07.30-12.40.56:669][  0]LogConfig: Setting CVar [[r.Streaming.PoolSize:1000]]
[2019.07.30-12.40.56:669][  0]LogConfig: Setting CVar [[r.Streaming.MaxEffectiveScreenSize:0]]
[2019.07.30-12.40.56:669][  0]LogConfig: Applying CVar settings from Section [EffectsQuality@3] File [D:/Unreal/Tower/Tower/Saved/Config/Windows/Scalability.ini]
[2019.07.30-12.40.56:669][  0]LogConfig: Setting CVar [[r.TranslucencyLightingVolumeDim:64]]
[2019.07.30-12.40.56:669][  0]LogConfig: Setting CVar [[r.RefractionQuality:2]]
[2019.07.30-12.40.56:669][  0]LogConfig: Setting CVar [[r.SSR.Quality:3]]
[2019.07.30-12.40.56:669][  0]LogConfig: Setting CVar [[r.SceneColorFormat:4]]
[2019.07.30-12.40.56:669][  0]LogConfig: Setting CVar [[r.DetailMode:2]]
[2019.07.30-12.40.56:669][  0]LogConfig: Setting CVar [[r.TranslucencyVolumeBlur:1]]
[2019.07.30-12.40.56:669][  0]LogConfig: Setting CVar [[r.MaterialQualityLevel:1 ; High quality]]
[2019.07.30-12.40.56:669][  0]LogConfig: Setting CVar [[r.SSS.Scale:1]]
[2019.07.30-12.40.56:669][  0]LogConfig: Setting CVar [[r.SSS.SampleSet:2]]
[2019.07.30-12.40.56:669][  0]LogConfig: Setting CVar [[r.SSS.Quality:1]]
[2019.07.30-12.40.56:669][  0]LogConfig: Setting CVar [[r.SSS.HalfRes:1]]
[2019.07.30-12.40.56:669][  0]LogConfig: Setting CVar [[r.EmitterSpawnRateScale:1.0]]
[2019.07.30-12.40.56:669][  0]LogConfig: Setting CVar [[r.ParticleLightQuality:2]]
[2019.07.30-12.40.56:669][  0]LogConfig: Applying CVar settings from Section [FoliageQuality@3] File [D:/Unreal/Tower/Tower/Saved/Config/Windows/Scalability.ini]
[2019.07.30-12.40.56:669][  0]LogConfig: Setting CVar [[foliage.DensityScale:1.0]]
[2019.07.30-12.40.56:669][  0]LogConfig: Setting CVar [[grass.DensityScale:1.0]]
[2019.07.30-12.40.56:669][  0]LogConfig: Applying CVar settings from Section [Startup] File [../../../Engine/Config/ConsoleVariables.ini]
[2019.07.30-12.40.56:670][  0]LogConfig: Setting CVar [[net.UseAdaptiveNetUpdateFrequency:0]]
[2019.07.30-12.40.56:670][  0]LogConfig: Applying CVar settings from Section [ConsoleVariables] File [D:/Unreal/Tower/Tower/Saved/Config/Windows/Engine.ini]
[2019.07.30-12.40.56:670][  0]LogInit: Computer: DESKTOP-QPQBKNC
[2019.07.30-12.40.56:670][  0]LogInit: User: Aidan
[2019.07.30-12.40.56:670][  0]LogInit: CPU Page size=4096, Cores=4
[2019.07.30-12.40.56:670][  0]LogInit: High frequency timer resolution =3.117188 MHz
[2019.07.30-12.40.56:670][  0]LogMemory: Memory total: Physical=16.0GB (16GB approx)
[2019.07.30-12.40.56:670][  0]LogMemory: Platform Memory Stats for Windows
[2019.07.30-12.40.56:670][  0]LogMemory: Process Physical Memory: 102.07 MB used, 102.07 MB peak
[2019.07.30-12.40.56:670][  0]LogMemory: Process Virtual Memory: 84.62 MB used, 84.62 MB peak
[2019.07.30-12.40.56:670][  0]LogMemory: Physical Memory: 6956.35 MB used,  9384.66 MB free, 16341.01 MB total
[2019.07.30-12.40.56:670][  0]LogMemory: Virtual Memory: 4633.82 MB used,  134213096.00 MB free, 134217728.00 MB total
[2019.07.30-12.40.56:694][  0]LogInit: Using OS detected language (en-US).
[2019.07.30-12.40.56:694][  0]LogInit: Using OS detected locale (en-AU).
[2019.07.30-12.40.56:695][  0]LogTextLocalizationManager: No specific localization for 'en-US' exists, so the 'en' localization will be used.
[2019.07.30-12.40.57:073][  0]LogStreaming: Display: Took  0.379s to InitEngineTextLocalization.
[2019.07.30-12.40.57:073][  0]LogInit: Setting process to per monitor DPI aware
[2019.07.30-12.40.57:108][  0]LogSlate: New Slate User Created.  User Index 0, Is Virtual User: 0
[2019.07.30-12.40.57:108][  0]LogSlate: Slate User Registered.  User Index 0, Is Virtual User: 0
[2019.07.30-12.40.57:295][  0]LogHMD: Failed to initialize OpenVR with code 110
[2019.07.30-12.40.57:295][  0]LogD3D11RHI: D3D11 adapters:
[2019.07.30-12.40.57:359][  0]LogD3D11RHI:    0. 'NVIDIA GeForce GTX 1080' (Feature Level 11_0)
[2019.07.30-12.40.57:359][  0]LogD3D11RHI:       8079/0/8170 MB DedicatedVideo/DedicatedSystem/SharedSystem, Outputs:1, VendorId:0x10de
[2019.07.30-12.40.57:361][  0]LogD3D11RHI:    1. 'Microsoft Basic Render Driver' (Feature Level 11_0)
[2019.07.30-12.40.57:361][  0]LogD3D11RHI:       0/0/8170 MB DedicatedVideo/DedicatedSystem/SharedSystem, Outputs:0, VendorId:0x1414
[2019.07.30-12.40.57:361][  0]LogD3D11RHI: Chosen D3D11 Adapter: 0
[2019.07.30-12.40.57:367][  0]LogD3D11RHI: Creating new Direct3DDevice
[2019.07.30-12.40.57:367][  0]LogD3D11RHI:     GPU DeviceId: 0x1b80 (for the marketing name, search the web for "GPU Device Id")
[2019.07.30-12.40.57:367][  0]LogWindows: EnumDisplayDevices:
[2019.07.30-12.40.57:367][  0]LogWindows:    0. 'NVIDIA GeForce GTX 1080' (P:1 D:1)
[2019.07.30-12.40.57:367][  0]LogWindows:    1. 'NVIDIA GeForce GTX 1080' (P:0 D:0)
[2019.07.30-12.40.57:367][  0]LogWindows:    2. 'NVIDIA GeForce GTX 1080' (P:0 D:0)
[2019.07.30-12.40.57:368][  0]LogWindows:    3. 'NVIDIA GeForce GTX 1080' (P:0 D:0)
[2019.07.30-12.40.57:368][  0]LogWindows: DebugString: FoundDriverCount:4 
[2019.07.30-12.40.57:368][  0]LogD3D11RHI:     Adapter Name: NVIDIA GeForce GTX 1080
[2019.07.30-12.40.57:368][  0]LogD3D11RHI:   Driver Version: 416.81 (internal:25.21.14.1681, unified:416.81)
[2019.07.30-12.40.57:368][  0]LogD3D11RHI:      Driver Date: 11-2-2018
[2019.07.30-12.40.57:368][  0]LogRHI: Texture pool is 5655 MB (70% of 8079 MB)
[2019.07.30-12.40.57:407][  0]LogD3D11RHI: Async texture creation enabled
[2019.07.30-12.40.57:429][  0]LogD3D11RHI: GPU Timing Frequency: 1000.000000 (Debug: 2 2)
[2019.07.30-12.40.57:744][  0]LogTemp: Display: Loaded TP AllDesktopTargetPlatform
[2019.07.30-12.40.57:757][  0]LogTemp: Display: Loaded TP MacClientTargetPlatform
[2019.07.30-12.40.57:769][  0]LogTemp: Display: Loaded TP MacNoEditorTargetPlatform
[2019.07.30-12.40.57:781][  0]LogTemp: Display: Loaded TP MacServerTargetPlatform
[2019.07.30-12.40.57:794][  0]LogTemp: Display: Loaded TP MacTargetPlatform
[2019.07.30-12.40.57:806][  0]LogTemp: Display: Loaded TP WindowsClientTargetPlatform
[2019.07.30-12.40.57:818][  0]LogTemp: Display: Loaded TP WindowsNoEditorTargetPlatform
[2019.07.30-12.40.57:830][  0]LogTemp: Display: Loaded TP WindowsServerTargetPlatform
[2019.07.30-12.40.57:836][  0]LogTemp: Display: Loaded TP WindowsTargetPlatform
[2019.07.30-12.40.57:904][  0]LogTemp: Display: Loaded TP AndroidTargetPlatform
[2019.07.30-12.40.57:904][  0]LogTemp: Display: Loaded TP AndroidTargetPlatform
[2019.07.30-12.40.57:904][  0]LogTemp: Display: Loaded TP AndroidTargetPlatform
[2019.07.30-12.40.57:904][  0]LogTemp: Display: Loaded TP AndroidTargetPlatform
[2019.07.30-12.40.57:904][  0]LogTemp: Display: Loaded TP AndroidTargetPlatform
[2019.07.30-12.40.57:904][  0]LogTemp: Display: Loaded TP AndroidTargetPlatform
[2019.07.30-12.40.57:904][  0]LogTemp: Display: Loaded TP AndroidTargetPlatform
[2019.07.30-12.40.57:904][  0]LogTemp: Display: Loaded TP AndroidTargetPlatform
[2019.07.30-12.40.57:904][  0]LogTemp: Display: Loaded TP AndroidTargetPlatform
[2019.07.30-12.40.57:905][  0]LogTemp: Display: Loaded TP AndroidTargetPlatform
[2019.07.30-12.40.57:905][  0]LogTemp: Display: Loaded TP AndroidTargetPlatform
[2019.07.30-12.40.57:905][  0]LogTemp: Display: Loaded TP AndroidTargetPlatform
[2019.07.30-12.40.57:905][  0]LogTemp: Display: Loaded TP AndroidTargetPlatform
[2019.07.30-12.40.57:905][  0]LogTemp: Display: Loaded TP AndroidTargetPlatform
[2019.07.30-12.40.57:905][  0]LogTemp: Display: Loaded TP AndroidTargetPlatform
[2019.07.30-12.40.57:905][  0]LogTemp: Display: Loaded TP AndroidTargetPlatform
[2019.07.30-12.40.57:905][  0]LogTemp: Display: Loaded TP AndroidTargetPlatform
[2019.07.30-12.40.57:905][  0]LogTemp: Display: Loaded TP AndroidTargetPlatform
[2019.07.30-12.40.57:906][  0]LogTemp: Display: Loaded TP HTML5TargetPlatform
[2019.07.30-12.40.57:965][  0]LogTemp: Display: Loaded TP IOSTargetPlatform
[2019.07.30-12.40.57:965][  0]LogTemp: Display: Loaded TP IOSTargetPlatform
[2019.07.30-12.40.57:990][  0]LogTemp: Display: Loaded TP TVOSTargetPlatform
[2019.07.30-12.40.57:990][  0]LogTemp: Display: Loaded TP TVOSTargetPlatform
[2019.07.30-12.40.58:002][  0]LogTemp: Display: Loaded TP LinuxClientTargetPlatform
[2019.07.30-12.40.58:013][  0]LogTemp: Display: Loaded TP LinuxNoEditorTargetPlatform
[2019.07.30-12.40.58:024][  0]LogTemp: Display: Loaded TP LinuxServerTargetPlatform
[2019.07.30-12.40.58:037][  0]LogTemp: Display: Loaded TP LinuxTargetPlatform
[2019.07.30-12.40.58:078][  0]LogTemp: Display: Loaded TP LuminTargetPlatform
[2019.07.30-12.40.58:078][  0]LogTemp: Display: Loaded TP LuminTargetPlatform
[2019.07.30-12.40.58:078][  0]LogTargetPlatformManager: Display: Building Assets For Windows
[2019.07.30-12.40.58:141][  0]LogShaderCompilers: Guid format shader working directory is 24 characters bigger than the processId version (D:/Unreal/Tower/Tower/Intermediate/Shaders/WorkingDirectory/13268/).
[2019.07.30-12.40.58:141][  0]LogShaderCompilers: Cleaned the shader compiler working directory 'C:/Users/Aidan/AppData/Local/Temp/UnrealShaderWorkingDir/2D4D69DA43B2474F34F92BB9D40CE522/'.
[2019.07.30-12.40.58:144][  0]LogXGEController: Cannot use XGE Controller as Incredibuild is not installed on this machine.
[2019.07.30-12.40.58:144][  0]LogShaderCompilers: Cannot use XGE Shader Compiler as Incredibuild is not installed on this machine.
[2019.07.30-12.40.58:144][  0]LogShaderCompilers: Display: Using Local Shader Compiler.
[2019.07.30-12.40.58:681][  0]LogDerivedDataCache: Display: Max Cache Size: 512 MB
[2019.07.30-12.40.58:733][  0]LogDerivedDataCache: Loaded boot cache 0.05s 71MB C:/Users/Aidan/AppData/Local/UnrealEngine/4.21/DerivedDataCache/Boot.ddc.
[2019.07.30-12.40.58:733][  0]LogDerivedDataCache: Display: Loaded Boot cache: C:/Users/Aidan/AppData/Local/UnrealEngine/4.21/DerivedDataCache/Boot.ddc
[2019.07.30-12.40.58:733][  0]LogDerivedDataCache: FDerivedDataBackendGraph:  Pak pak cache file D:/Unreal/Tower/Tower/DerivedDataCache/DDC.ddp not found, will not use a pak cache.
[2019.07.30-12.40.58:733][  0]LogDerivedDataCache: Unable to find inner node Pak for hierarchical cache Hierarchy.
[2019.07.30-12.40.58:733][  0]LogDerivedDataCache: FDerivedDataBackendGraph:  CompressedPak pak cache file D:/Unreal/Tower/Tower/DerivedDataCache/Compressed.ddp not found, will not use a pak cache.
[2019.07.30-12.40.58:733][  0]LogDerivedDataCache: Unable to find inner node CompressedPak for hierarchical cache Hierarchy.
[2019.07.30-12.40.58:749][  0]LogDerivedDataCache: Display: Pak cache opened for reading ../../../Engine/DerivedDataCache/Compressed.ddp.
[2019.07.30-12.40.58:749][  0]LogDerivedDataCache: FDerivedDataBackendGraph:  EnterprisePak pak cache file ../../../Enterprise/DerivedDataCache/Compressed.ddp not found, will not use a pak cache.
[2019.07.30-12.40.58:749][  0]LogDerivedDataCache: Unable to find inner node EnterprisePak for hierarchical cache Hierarchy.
[2019.07.30-12.40.58:760][  0]LogDerivedDataCache: Using Local data cache path C:/Users/Aidan/AppData/Local/UnrealEngine/Common/DerivedDataCache: Writable
[2019.07.30-12.40.58:760][  0]LogDerivedDataCache: Shared data cache path not found in *engine.ini, will not use an Shared cache.
[2019.07.30-12.40.58:760][  0]LogDerivedDataCache: Unable to find inner node Shared for hierarchical cache Hierarchy.
[2019.07.30-12.40.58:782][  0]LogMaterial: Verifying Global Shaders for PCD3D_SM5
[2019.07.30-12.40.58:783][  0]LogSlate: Using FreeType 2.6.0
[2019.07.30-12.40.58:784][  0]LogSlate: SlateFontServices - WITH_FREETYPE: 1, WITH_HARFBUZZ: 1
[2019.07.30-12.40.58:868][  0]LogAssetRegistry: FAssetRegistry took 0.0322 seconds to start up
[2019.07.30-12.40.59:161][  0]LogInit: Selected Device Profile: [Windows]
[2019.07.30-12.40.59:307][  0]LogSimplygon: Simplygon DLL not present - disabling.
[2019.07.30-12.40.59:311][  0]LogMeshReduction: Using SimplygonSwarm for distributed automatic mesh merging
[2019.07.30-12.40.59:311][  0]LogMeshReduction: Using ProxyLODMeshReduction for automatic mesh merging
[2019.07.30-12.40.59:311][  0]LogMeshReduction: Using QuadricMeshReduction for automatic static mesh reduction
[2019.07.30-12.40.59:311][  0]LogMeshReduction: No automatic skeletal mesh reduction module available
[2019.07.30-12.40.59:329][  0]LogNetVersion: Tower 1.0.0, NetCL: 4541578, EngineNetVer: 5, GameNetVer: 0 (Checksum: 4091071934)
[2019.07.30-12.40.59:815][  0]LogPackageLocalizationCache: Processed 11 localized package path(s) for 2 prioritized culture(s) in 0.072319 seconds
[2019.07.30-12.40.59:821][  0]LogUObjectArray: 39775 objects as part of root set at end of initial load.
[2019.07.30-12.40.59:821][  0]LogUObjectAllocator: 6914664 out of 0 bytes used by permanent object pool.
[2019.07.30-12.40.59:821][  0]LogUObjectArray: CloseDisregardForGC: 0/0 objects in disregard for GC pool
[2019.07.30-12.41.00:662][  0]LogTcpMessaging: Initializing TcpMessaging bridge
[2019.07.30-12.41.00:676][  0]LogUdpMessaging: Initializing bridge on interface 0.0.0.0:0 to multicast group 230.0.0.1:6666.
[2019.07.30-12.41.01:353][  0]SourceControl: Source control is disabled
[2019.07.30-12.41.01:353][  0]SourceControl: Source control is disabled
[2019.07.30-12.41.01:354][  0]SourceControl: Source control is disabled
[2019.07.30-12.41.01:355][  0]SourceControl: Source control is disabled
[2019.07.30-12.41.01:510][  0]LogAndroidPermission: UAndroidPermissionCallbackProxy::GetInstance
[2019.07.30-12.41.01:599][  0]LogOcInput: OculusInput pre-init called
[2019.07.30-12.41.01:730][  0]LogEngine: Initializing Engine...
[2019.07.30-12.41.01:731][  0]LogHMD: Failed to initialize OpenVR with code 110
[2019.07.30-12.41.01:732][  0]LogStats: UGameplayTagsManager::ConstructGameplayTagTree: ImportINI prefixes -  0.000 s
[2019.07.30-12.41.01:732][  0]LogStats: UGameplayTagsManager::ConstructGameplayTagTree: Construct from data asset -  0.000 s
[2019.07.30-12.41.01:732][  0]LogStats: UGameplayTagsManager::ConstructGameplayTagTree: ImportINI -  0.000 s
[2019.07.30-12.41.01:732][  0]LogStats: UGameplayTagsManager::ConstructGameplayTagTree: GameplayTagTreeChangedEvent.Broadcast -  0.000 s
[2019.07.30-12.41.01:958][  0]LogInit: Initializing FReadOnlyCVARCache
[2019.07.30-12.41.01:973][  0]LogAIModule: Creating AISystem for world Untitled
[2019.07.30-12.41.02:000][  0]LogInit: XAudio2 using 'Acer XB241H (NVIDIA High Definition Audio)' : 2 channels at 48 kHz using 16 bits per sample (channel mask 0x3)
[2019.07.30-12.41.02:026][  0]LogInit: FAudioDevice initialized.
[2019.07.30-12.41.02:027][  0]LogNetVersion: Set ProjectVersion to 1.0.0.0. Version Checksum will be recalculated on next use.
[2019.07.30-12.41.02:110][  0]LogDerivedDataCache: Saved boot cache 0.08s 71MB C:/Users/Aidan/AppData/Local/UnrealEngine/4.21/DerivedDataCache/Boot.ddc.
[2019.07.30-12.41.02:114][  0]LogInit: Texture streaming: Enabled
[2019.07.30-12.41.02:131][  0]LogEngineSessionManager: EngineSessionManager initialized
[2019.07.30-12.41.02:145][  0]LogInit: Transaction tracking system initialized
[2019.07.30-12.41.02:172][  0]BlueprintLog: New page: Editor Load
[2019.07.30-12.41.02:250][  0]LocalizationService: Localization service is disabled
[2019.07.30-12.41.02:688][  0]LogFileCache: Scanning file cache for directory 'D:/Unreal/Tower/Tower/Content/' took 0.01s
[2019.07.30-12.41.02:688][  0]LogCook: Display: Max memory allowance for cook 16384mb min free memory 0mb
[2019.07.30-12.41.02:688][  0]LogCook: Display: Mobile HDR setting 1
[2019.07.30-12.41.02:688][  0]LogGameplayTags: Display: UGameplayTagsManager::DoneAddingNativeTags. DelegateIsBound: 0
[2019.07.30-12.41.02:689][  0]LogStats: UGameplayTagsManager::ConstructGameplayTagTree: ImportINI prefixes -  0.000 s
[2019.07.30-12.41.02:689][  0]LogStats: UGameplayTagsManager::ConstructGameplayTagTree: Construct from data asset -  0.000 s
[2019.07.30-12.41.02:689][  0]LogStats: UGameplayTagsManager::ConstructGameplayTagTree: ImportINI -  0.000 s
[2019.07.30-12.41.02:689][  0]LogStats: UGameplayTagsManager::ConstructGameplayTagTree: GameplayTagTreeChangedEvent.Broadcast -  0.000 s
[2019.07.30-12.41.02:815][  0]SourceControl: Source control is disabled
[2019.07.30-12.41.02:815][  0]Cmd: MAP LOAD FILE="../../../Engine/Content/Maps/Templates/Template_Default.umap" TEMPLATE=1 SHOWPROGRESS=1 FEATURELEVEL=3
[2019.07.30-12.41.02:815][  0]LightingResults: New page: Lighting Build
[2019.07.30-12.41.02:818][  0]MapCheck: New page: Map Check
[2019.07.30-12.41.02:818][  0]LightingResults: New page: Lighting Build
[2019.07.30-12.41.02:972][  0]LogAIModule: Creating AISystem for world Untitled_1
[2019.07.30-12.41.02:977][  0]LogEditorServer: Finished looking for orphan Actors (0.000 secs)
[2019.07.30-12.41.03:000][  0]Cmd: MAP CHECKDEP NOCLEARLOG
[2019.07.30-12.41.03:001][  0]MapCheck: Map check complete: 0 Error(s), 0 Warning(s), took 0.105ms to complete.
[2019.07.30-12.41.03:001][  0]LogFileHelpers: Loading map 'Template_Default' took 0.185
[2019.07.30-12.41.03:096][  0]LogSlate: Updating window title bar state: overlay mode, drag disabled, window buttons hidden, title bar hidden
[2019.07.30-12.41.03:104][  0]LogSlate: Updating window title bar state: overlay mode, drag disabled, window buttons hidden, title bar hidden
[2019.07.30-12.41.03:111][  0]LogSlate: Updating window title bar state: overlay mode, drag disabled, window buttons hidden, title bar hidden
[2019.07.30-12.41.03:117][  0]LogSlate: Updating window title bar state: overlay mode, drag disabled, window buttons hidden, title bar hidden
[2019.07.30-12.41.03:124][  0]LogCollectionManager: Loaded 0 collections in 0.002005 seconds
[2019.07.30-12.41.03:140][  0]LogFileCache: Scanning file cache for directory 'D:/Unreal/Tower/Tower/Saved/Collections/' took 0.01s
[2019.07.30-12.41.03:141][  0]LogFileCache: Scanning file cache for directory 'D:/Unreal/Tower/Tower/Content/Developers/Aidan/Collections/' took 0.00s
[2019.07.30-12.41.03:141][  0]LogFileCache: Scanning file cache for directory 'D:/Unreal/Tower/Tower/Content/Collections/' took 0.00s
[2019.07.30-12.41.03:141][  0]LogCollectionManager: Rebuilt the GUID cache for 0 collections in 0.000000 seconds
[2019.07.30-12.41.03:150][  0]LogContentBrowser: Native class hierarchy populated in 0.0088 seconds. Added 2656 classes and 622 folders.
[2019.07.30-12.41.03:158][  0]LogContentBrowser: Native class hierarchy updated for 'WidgetCarousel' in 0.0003 seconds. Added 0 classes and 0 folders.
[2019.07.30-12.41.03:160][  0]LogPakFile: Registered encryption key '00000000000000000000000000000000': 0 pak files mounted, 0 remain pending
[2019.07.30-12.41.03:161][  0]LogPakFile: Registered encryption key '00000000000000000000000000000000': 0 pak files mounted, 0 remain pending
[2019.07.30-12.41.03:161][  0]LogPakFile: Registered encryption key '00000000000000000000000000000000': 0 pak files mounted, 0 remain pending
[2019.07.30-12.41.03:161][  0]LogPakFile: Registered encryption key '00000000000000000000000000000000': 0 pak files mounted, 0 remain pending
[2019.07.30-12.41.03:162][  0]LogPakFile: Registered encryption key '00000000000000000000000000000000': 0 pak files mounted, 0 remain pending
[2019.07.30-12.41.03:162][  0]LogPakFile: Registered encryption key '00000000000000000000000000000000': 0 pak files mounted, 0 remain pending
[2019.07.30-12.41.03:163][  0]LogPakFile: Registered encryption key '00000000000000000000000000000000': 0 pak files mounted, 0 remain pending
[2019.07.30-12.41.03:163][  0]LogPakFile: Registered encryption key '00000000000000000000000000000000': 0 pak files mounted, 0 remain pending
[2019.07.30-12.41.03:164][  0]LogPakFile: Registered encryption key '00000000000000000000000000000000': 0 pak files mounted, 0 remain pending
[2019.07.30-12.41.03:164][  0]LogPakFile: Registered encryption key '00000000000000000000000000000000': 0 pak files mounted, 0 remain pending
[2019.07.30-12.41.03:165][  0]LogPakFile: Registered encryption key '00000000000000000000000000000000': 0 pak files mounted, 0 remain pending
[2019.07.30-12.41.03:165][  0]LogPakFile: Registered encryption key '00000000000000000000000000000000': 0 pak files mounted, 0 remain pending
[2019.07.30-12.41.03:165][  0]LogPakFile: Registered encryption key '00000000000000000000000000000000': 0 pak files mounted, 0 remain pending
[2019.07.30-12.41.03:166][  0]LogPakFile: Registered encryption key '00000000000000000000000000000000': 0 pak files mounted, 0 remain pending
[2019.07.30-12.41.03:166][  0]LogPakFile: Registered encryption key '00000000000000000000000000000000': 0 pak files mounted, 0 remain pending
[2019.07.30-12.41.03:167][  0]LogPakFile: Registered encryption key '00000000000000000000000000000000': 0 pak files mounted, 0 remain pending
[2019.07.30-12.41.03:167][  0]LogPakFile: Registered encryption key '00000000000000000000000000000000': 0 pak files mounted, 0 remain pending
[2019.07.30-12.41.03:168][  0]LogPakFile: Registered encryption key '00000000000000000000000000000000': 0 pak files mounted, 0 remain pending
[2019.07.30-12.41.03:168][  0]LogPakFile: Registered encryption key '00000000000000000000000000000000': 0 pak files mounted, 0 remain pending
[2019.07.30-12.41.03:169][  0]LogPakFile: Registered encryption key '00000000000000000000000000000000': 0 pak files mounted, 0 remain pending
[2019.07.30-12.41.03:169][  0]LogPakFile: Registered encryption key '00000000000000000000000000000000': 0 pak files mounted, 0 remain pending
[2019.07.30-12.41.03:170][  0]LogPakFile: Registered encryption key '00000000000000000000000000000000': 0 pak files mounted, 0 remain pending
[2019.07.30-12.41.03:170][  0]LogPakFile: Registered encryption key '00000000000000000000000000000000': 0 pak files mounted, 0 remain pending
[2019.07.30-12.41.03:171][  0]LogPakFile: Registered encryption key '00000000000000000000000000000000': 0 pak files mounted, 0 remain pending
[2019.07.30-12.41.03:171][  0]LogPakFile: Registered encryption key '00000000000000000000000000000000': 0 pak files mounted, 0 remain pending
[2019.07.30-12.41.03:172][  0]LogPakFile: Registered encryption key '00000000000000000000000000000000': 0 pak files mounted, 0 remain pending
[2019.07.30-12.41.03:210][  0]LogContentBrowser: Native class hierarchy updated for 'AddContentDialog' in 0.0003 seconds. Added 0 classes and 0 folders.
[2019.07.30-12.41.03:215][  0]LogContentBrowser: Native class hierarchy updated for 'SceneOutliner' in 0.0003 seconds. Added 1 classes and 2 folders.
[2019.07.30-12.41.03:272][  0]LogSlate: Took 0.000185 seconds to synchronously load lazily loaded font '../../../Engine/Content/Slate/Fonts/Roboto-Regular.ttf' (155K)
[2019.07.30-12.41.03:273][  0]LogSlate: Took 0.000158 seconds to synchronously load lazily loaded font '../../../Engine/Content/Slate/Fonts/Roboto-Bold.ttf' (160K)
[2019.07.30-12.41.03:278][  0]LogSlate: Took 0.000133 seconds to synchronously load lazily loaded font '../../../Engine/Content/Editor/Slate/Fonts/FontAwesome.ttf' (139K)
[2019.07.30-12.41.03:356][  0]LogRenderer: Reallocating scene render targets to support 1208x600 Format 10 NumSamples 1 (Frame:1).
[2019.07.30-12.41.03:451][  0]LogSlate: FSceneViewport::OnFocusLost() reason 2
[2019.07.30-12.41.03:465][  0]LogSlate: Window 'Tutorials' being destroyed
[2019.07.30-12.41.03:494][  0]LogContentBrowser: Native class hierarchy updated for 'HierarchicalLODOutliner' in 0.0003 seconds. Added 0 classes and 0 folders.
[2019.07.30-12.41.03:494][  0]LogLoad: (Engine Initialization) Total time: 9.07 seconds
[2019.07.30-12.41.03:494][  0]LogLoad: (Engine Initialization) Total Blueprint compile time: 0.00 seconds
[2019.07.30-12.41.03:504][  0]LogWindowsTextInputMethodSystem: Display: IME system now deactivated.
[2019.07.30-12.41.03:563][  0]LogContentStreaming: Texture pool size now 1000 MB
[2019.07.30-12.41.03:589][  0]LogSlate: Took 0.000174 seconds to synchronously load lazily loaded font '../../../Engine/Content/Slate/Fonts/Roboto-Light.ttf' (167K)
[2019.07.30-12.41.03:602][  1]LogAssetRegistry: Asset discovery search completed in 4.7563 seconds
[2019.07.30-12.41.03:605][  1]LogCollectionManager: Rebuilt the object cache for 0 collections in 0.000000 seconds (found 0 objects)
[2019.07.30-12.41.03:605][  1]LogCollectionManager: Fixed up redirectors for 0 collections in 0.000054 seconds (updated 0 objects)
[2019.07.30-12.41.08:651][221]LogSlate: FSceneViewport::OnFocusLost() reason 0
[2019.07.30-12.41.08:883][225]LogSlate: Took 0.000180 seconds to synchronously load lazily loaded font '../../../Engine/Content/Slate/Fonts/Roboto-Light.ttf' (167K)
[2019.07.30-12.41.09:224][225]LogAIModule: Creating AISystem for world NewMap
[2019.07.30-12.41.09:229][225]LogAssetEditorManager: Opening Asset editor for World /Game/NewMap.NewMap
[2019.07.30-12.41.09:252][225]Cmd: MAP LOAD FILE="D:/Unreal/Tower/Tower/Content/NewMap.umap" TEMPLATE=0 SHOWPROGRESS=1 FEATURELEVEL=3
[2019.07.30-12.41.09:252][225]LightingResults: New page: Lighting Build
[2019.07.30-12.41.09:253][225]LoadErrors: New page: Loading map: NewMap.umap
[2019.07.30-12.41.09:253][225]MapCheck: New page: Map Check
[2019.07.30-12.41.09:253][225]LightingResults: New page: Lighting Build
[2019.07.30-12.41.09:328][225]LogEditorServer: Finished looking for orphan Actors (0.000 secs)
[2019.07.30-12.41.09:371][225]Cmd: MAP CHECKDEP NOCLEARLOG
[2019.07.30-12.41.09:371][225]MapCheck: Map check complete: 0 Error(s), 0 Warning(s), took 0.089ms to complete.
[2019.07.30-12.41.09:371][225]LogFileHelpers: Loading map 'NewMap' took 0.120
[2019.07.30-12.41.09:397][225]LogActor: Warning: BP_Bullet_C /Engine/Transient.World_0:PersistentLevel.BP_Bullet_C_0 has natively added scene component(s), but none of them were set as the actor's RootComponent - picking one arbitrarily
[2019.07.30-12.41.12:289][299]LogEditorFactories: Performing atomic reimport of [C:/Users/Aidan/OneDrive/Desktop/TowerModel/TowerModel.FBX]
[2019.07.30-12.41.12:396][299]LogFbx: Loading FBX Scene from C:/Users/Aidan/OneDrive/Desktop/TowerModel/TowerModel.FBX
[2019.07.30-12.41.12:403][299]LogFbx: FBX Scene Loaded Succesfully
[2019.07.30-12.41.12:495][299]LogStaticMesh: Building static mesh TowerModel...
[2019.07.30-12.41.12:503][299]LogStaticMesh: Built static mesh [0.01s] /Game/TowerModel.TowerModel
[2019.07.30-12.41.12:512][299]LogEditorFactories: -- imported successfully
[2019.07.30-12.41.12:514][299]FBXImport: Warning: No smoothing group information was found in this FBX scene.  Please make sure to enable the 'Export Smoothing Groups' option in the FBX Exporter plug-in before exporting the file.  Even for tools that don't support smoothing groups, the FBX Exporter will generate appropriate smoothing data at export-time so that correct vertex normals can be inferred while importing. 
[2019.07.30-12.41.15:443][392]LogEditorViewport: Clicking on Actor (LMB): BasicTower (BasicTower1)
[2019.07.30-12.41.18:721][482]LogSlate: Took 0.000203 seconds to synchronously load lazily loaded font '../../../Engine/Content/Slate/Fonts/Roboto-Italic.ttf' (157K)
[2019.07.30-12.41.18:933][487]LogSlate: FSceneViewport::OnFocusLost() reason 0
[2019.07.30-12.41.23:666][667]LogEditorViewport: Clicking on Actor (LMB): BasicTower (BasicTower3)
[2019.07.30-12.41.25:405][752]LogSlate: FSceneViewport::OnFocusLost() reason 0
[2019.07.30-12.41.51:525][  5]LogEditorViewport: Clicking on Component (context menu): StaticMeshComponent (body)
[2019.07.30-12.41.51:538][  5]LogSlate: FSceneViewport::OnFocusLost() reason 2
[2019.07.30-12.42.10:927][503]LogEditorViewport: Clicking on Actor (LMB): BP_Sky_Sphere_C (Sky Sphere)
[2019.07.30-12.42.11:402][531]LogEditorViewport: Clicking on Actor (LMB): BasicTower (BasicTower3)
[2019.07.30-12.42.12:758][586]LogSlate: FSceneViewport::OnFocusLost() reason 0
[2019.07.30-12.42.14:863][642]LogTemp: Repeating last play command: Selected Viewport
[2019.07.30-12.42.14:875][642]LogBlueprintUserMessages: Early PlayInEditor Detection: Level '/Game/NewMap.NewMap:PersistentLevel' has LevelScriptBlueprint '/Game/NewMap.NewMap:PersistentLevel.NewMap' with GeneratedClass '/Game/NewMap.NewMap_C' with ClassGeneratedBy '/Game/NewMap.NewMap:PersistentLevel.NewMap'
[2019.07.30-12.42.14:875][642]LogPlayLevel: PlayLevel: No blueprints needed recompiling
[2019.07.30-12.42.14:875][642]PIE: New page: PIE session: NewMap (31 Jul 2019 8:42:14 am)
[2019.07.30-12.42.14:887][642]LogPlayLevel: Creating play world package: /Game/UEDPIE_0_NewMap
[2019.07.30-12.42.14:890][642]LogPlayLevel: PIE: StaticDuplicateObject took: (0.003219s)
[2019.07.30-12.42.14:891][642]LogAIModule: Creating AISystem for world NewMap
[2019.07.30-12.42.14:891][642]LogPlayLevel: PIE: World Init took: (0.000609s)
[2019.07.30-12.42.14:891][642]LogPlayLevel: PIE: Created PIE world by copying editor world from /Game/NewMap.NewMap to /Game/UEDPIE_0_NewMap.NewMap (0.004046s)
[2019.07.30-12.42.14:938][642]LogInit: XAudio2 using 'Acer XB241H (NVIDIA High Definition Audio)' : 2 channels at 48 kHz using 16 bits per sample (channel mask 0x3)
[2019.07.30-12.42.14:948][642]LogInit: FAudioDevice initialized.
[2019.07.30-12.42.14:989][642]LogLoad: Game class is 'GameModeBase'
[2019.07.30-12.42.14:991][642]LogWorld: Bringing World /Game/UEDPIE_0_NewMap.NewMap up for play (max tick rate 0) at 2019.07.30-22.42.14
[2019.07.30-12.42.14:991][642]LogWorld: Bringing up level for play took: 0.000905
[2019.07.30-12.42.15:009][642]LogContentBrowser: Native class hierarchy updated for 'MovieSceneCapture' in 0.0004 seconds. Added 20 classes and 0 folders.
[2019.07.30-12.42.15:009][642]PIE: Play in editor start time for /Game/UEDPIE_0_NewMap 0.471
[2019.07.30-12.42.15:010][642]LogBlueprintUserMessages: Late PlayInEditor Detection: Level '/Game/NewMap.NewMap:PersistentLevel' has LevelScriptBlueprint '/Game/NewMap.NewMap:PersistentLevel.NewMap' with GeneratedClass '/Game/NewMap.NewMap_C' with ClassGeneratedBy '/Game/NewMap.NewMap:PersistentLevel.NewMap'
[2019.07.30-12.42.16:341][724]LogActor: Warning: BP_Bullet_C /Game/UEDPIE_0_NewMap.NewMap:PersistentLevel.BP_Bullet_C_0 has natively added scene component(s), but none of them were set as the actor's RootComponent - picking one arbitrarily
[2019.07.30-12.42.17:648][802]LogBlueprintUserMessages: Early EndPlayMap Detection: Level '/Game/NewMap.NewMap:PersistentLevel' has LevelScriptBlueprint '/Game/NewMap.NewMap:PersistentLevel.NewMap' with GeneratedClass '/Game/NewMap.NewMap_C' with ClassGeneratedBy '/Game/NewMap.NewMap:PersistentLevel.NewMap'
[2019.07.30-12.42.17:649][802]LogSlate: Updating window title bar state: overlay mode, drag disabled, window buttons hidden, title bar hidden
[2019.07.30-12.42.17:695][802]LogPlayLevel: Display: Shutting down PIE online subsystems
[2019.07.30-12.42.17:696][802]LogBlueprintUserMessages: Late EndPlayMap Detection: Level '/Game/NewMap.NewMap:PersistentLevel' has LevelScriptBlueprint '/Game/NewMap.NewMap:PersistentLevel.NewMap' with GeneratedClass '/Game/NewMap.NewMap_C' with ClassGeneratedBy '/Game/NewMap.NewMap:PersistentLevel.NewMap'
[2019.07.30-12.42.17:718][802]LogSlate: Updating window title bar state: overlay mode, drag disabled, window buttons hidden, title bar hidden
[2019.07.30-12.42.17:753][805]LogPlayLevel: Display: Destroying online subsystem :Context_4
[2019.07.30-12.42.18:628][860]LogEditorViewport: Clicking on Actor (LMB): BasicTower (BasicTower1)
[2019.07.30-12.42.22:593][983]LogSlate: FSceneViewport::OnFocusLost() reason 0
[2019.07.30-12.42.29:710][362]LogSlate: FSceneViewport::OnFocusLost() reason 0
[2019.07.30-12.42.36:399][636]LogSlate: FSceneViewport::OnFocusLost() reason 0
[2019.07.30-12.42.53:746][137]LogEditor: Attempting to add actor of class 'BasicTower' to level at -160.00,-180.00,20.00
[2019.07.30-12.42.53:746][137]LogActor: Warning: BasicTower /Game/NewMap.NewMap:PersistentLevel.BasicTower_0 has natively added scene component(s), but none of them were set as the actor's RootComponent - picking one arbitrarily
[2019.07.30-12.42.54:429][178]LogEditor: Attempting to add actor of class 'BasicTower' to level at -130.00,-240.00,20.00
[2019.07.30-12.42.54:430][178]LogActor: Warning: BasicTower /Game/NewMap.NewMap:PersistentLevel.BasicTower_2 has natively added scene component(s), but none of them were set as the actor's RootComponent - picking one arbitrarily
[2019.07.30-12.42.58:422][418]Cmd: DELETE
[2019.07.30-12.42.58:423][418]Cmd: ACTOR DELETE
[2019.07.30-12.42.58:424][418]LogEditorActor: Deleted Actor: BasicTower
[2019.07.30-12.42.58:447][418]LogEditorActor: Deleted 1 Actors (0.025 secs)
[2019.07.30-12.42.59:242][459]LogSlate: FSceneViewport::OnFocusLost() reason 0
[2019.07.30-12.43.03:065][530]LogSlate: Took 0.000174 seconds to synchronously load lazily loaded font '../../../Engine/Content/Slate/Fonts/Roboto-BoldCondensed.ttf' (158K)
[2019.07.30-12.43.11:514][764]LogAssetEditorManager: Opening Asset editor for Blueprint /Game/BP_BasicTower.BP_BasicTower
[2019.07.30-12.43.12:229][764]LogContentBrowser: Native class hierarchy updated for 'BlueprintGraph' in 0.0006 seconds. Added 117 classes and 0 folders.
[2019.07.30-12.43.13:012][764]LogSlate: Window 'Add Blueprint Class' being destroyed
[2019.07.30-12.43.13:016][764]LogActor: Warning: BP_BasicTower_C /Engine/Transient.World_3:PersistentLevel.BP_BasicTower_C_0 has natively added scene component(s), but none of them were set as the actor's RootComponent - picking one arbitrarily
[2019.07.30-12.43.19:745][923]LogSlate: Prevented a slow task dialog from being summoned while a context menu was open
[2019.07.30-12.43.26:135][ 59]LogActor: Warning: BP_BasicTower_C /Engine/Transient.World_4:PersistentLevel.BP_BasicTower_C_0 has natively added scene component(s), but none of them were set as the actor's RootComponent - picking one arbitrarily
[2019.07.30-12.43.33:566][270]LogSlate: FSceneViewport::OnFocusLost() reason 0
[2019.07.30-12.44.09:562][179]LogSlate: FSceneViewport::OnFocusLost() reason 0
[2019.07.30-12.44.20:703][375]LogProperty: Warning: Illegal TEXT reference to a private object in external package (GameManager /Game/NewMap.NewMap:PersistentLevel.GameManager_1) from referencer (BP_BasicTower_C /Game/BP_BasicTower.Default__BP_BasicTower_C).  Import failed...
[2019.07.30-12.44.20:703][375]LogProperty: Warning: Illegal TEXT reference to a private object in external package (GameManager /Game/NewMap.NewMap:PersistentLevel.GameManager_1) from referencer (BP_BasicTower_C /Engine/Transient.World_3:PersistentLevel.BP_BasicTower_C_0).  Import failed...
[2019.07.30-12.44.20:703][375]LogProperty: Warning: Illegal TEXT reference to a private object in external package (GameManager /Game/NewMap.NewMap:PersistentLevel.GameManager_1) from referencer (BP_BasicTower_C /Engine/Transient.World_4:PersistentLevel.BP_BasicTower_C_0).  Import failed...
[2019.07.30-12.44.23:688][429]LogProperty: Warning: Illegal TEXT reference to a private object in external package (GameManager /Game/NewMap.NewMap:PersistentLevel.GameManager_1) from referencer (BP_BasicTower_C /Game/BP_BasicTower.Default__BP_BasicTower_C).  Import failed...
[2019.07.30-12.44.23:688][429]LogProperty: Warning: Illegal TEXT reference to a private object in external package (GameManager /Game/NewMap.NewMap:PersistentLevel.GameManager_1) from referencer (BP_BasicTower_C /Engine/Transient.World_3:PersistentLevel.BP_BasicTower_C_0).  Import failed...
[2019.07.30-12.44.23:688][429]LogProperty: Warning: Illegal TEXT reference to a private object in external package (GameManager /Game/NewMap.NewMap:PersistentLevel.GameManager_1) from referencer (BP_BasicTower_C /Engine/Transient.World_4:PersistentLevel.BP_BasicTower_C_0).  Import failed...
[2019.07.30-12.44.39:950][810]BlueprintLog: New page: Compile BP_BasicTower
[2019.07.30-12.44.39:960][810]LogActor: Warning: BP_BasicTower_C /Engine/Transient.World_3:PersistentLevel.BP_BasicTower_C_0 has natively added scene component(s), but none of them were set as the actor's RootComponent - picking one arbitrarily
[2019.07.30-12.44.39:960][810]LogActor: Warning: BP_BasicTower_C /Engine/Transient.World_4:PersistentLevel.BP_BasicTower_C_0 has natively added scene component(s), but none of them were set as the actor's RootComponent - picking one arbitrarily
[2019.07.30-12.44.40:105][810]LogActor: Warning: BP_BasicTower_C /Engine/Transient.World_4:PersistentLevel.BP_BasicTower_C_1 has natively added scene component(s), but none of them were set as the actor's RootComponent - picking one arbitrarily
[2019.07.30-12.44.41:299][835]Cmd: OBJ SAVEPACKAGE PACKAGE="/Game/BP_BasicTower" FILE="D:/Unreal/Tower/Tower/Content/BP_BasicTower.uasset" SILENT=true
[2019.07.30-12.44.41:320][835]LogSavePackage: Moving 'D:/Unreal/Tower/Tower/Saved/BP_BasicTower7175C7044AA945EE6270A4865D5CA854.tmp' to 'D:/Unreal/Tower/Tower/Content/BP_BasicTower.uasset'
[2019.07.30-12.44.42:933][872]LogSlate: Window 'BP_BasicTower' being destroyed
[2019.07.30-12.44.42:969][872]LogSlate: Window 'BP_BasicTower' being destroyed
[2019.07.30-12.44.44:439][955]LogEditorViewport: Clicking on Actor (LMB): BasicTower (BasicTower1)
[2019.07.30-12.44.49:730][254]Cmd: DELETE
[2019.07.30-12.44.49:730][254]Cmd: ACTOR DELETE
[2019.07.30-12.44.49:732][254]LogEditorActor: Deleted Actor: BasicTower
[2019.07.30-12.44.49:764][254]LogEditorActor: Deleted 1 Actors (0.034 secs)
[2019.07.30-12.44.50:635][263]LogSlate: FSceneViewport::OnFocusLost() reason 0
[2019.07.30-12.44.50:867][278]LogEditorActor: Deleted Actor: BasicTower
[2019.07.30-12.44.50:895][278]LogEditorActor: Deleted 1 Actors (0.030 secs)
[2019.07.30-12.44.51:570][300]LogEditorActor: Deleted Actor: BasicTower
[2019.07.30-12.44.51:598][300]LogEditorActor: Deleted 1 Actors (0.031 secs)
[2019.07.30-12.44.58:121][468]LogActor: Warning: BP_BasicTower_C /Game/NewMap.NewMap:PersistentLevel.BP_BasicTower_C_0 has natively added scene component(s), but none of them were set as the actor's RootComponent - picking one arbitrarily
[2019.07.30-12.44.59:223][534]LogActor: Warning: BP_BasicTower_C /Game/NewMap.NewMap:PersistentLevel.BP_BasicTower_C_1 has natively added scene component(s), but none of them were set as the actor's RootComponent - picking one arbitrarily
[2019.07.30-12.45.02:018][678]LogSlate: FSceneViewport::OnFocusLost() reason 0
[2019.07.30-12.45.09:173][997]LogSlate: FSceneViewport::OnFocusLost() reason 0
[2019.07.30-12.45.26:367][970]LogEditorViewport: Clicking on Component (context menu): StaticMeshComponent (body)
[2019.07.30-12.45.26:404][970]LogSlate: FSceneViewport::OnFocusLost() reason 2
[2019.07.30-12.45.28:007][  9]LogEditorViewport: Clicking on Component (LMB): StaticMeshComponent (body)
[2019.07.30-12.45.30:458][114]LogSlate: FSceneViewport::OnFocusLost() reason 0
[2019.07.30-12.45.33:403][249]LogTemp: Repeating last play command: Selected Viewport
[2019.07.30-12.45.33:413][249]LogBlueprintUserMessages: Early PlayInEditor Detection: Level '/Game/NewMap.NewMap:PersistentLevel' has LevelScriptBlueprint '/Game/NewMap.NewMap:PersistentLevel.NewMap' with GeneratedClass '/Game/NewMap.NewMap_C' with ClassGeneratedBy '/Game/NewMap.NewMap:PersistentLevel.NewMap'
[2019.07.30-12.45.33:413][249]LogPlayLevel: PlayLevel: No blueprints needed recompiling
[2019.07.30-12.45.33:414][249]PIE: New page: PIE session: NewMap (31 Jul 2019 8:45:33 am)
[2019.07.30-12.45.33:414][249]LogPlayLevel: Creating play world package: /Game/UEDPIE_0_NewMap
[2019.07.30-12.45.33:416][249]LogPlayLevel: PIE: StaticDuplicateObject took: (0.002307s)
[2019.07.30-12.45.33:416][249]LogAIModule: Creating AISystem for world NewMap
[2019.07.30-12.45.33:417][249]LogPlayLevel: PIE: World Init took: (0.000522s)
[2019.07.30-12.45.33:417][249]LogPlayLevel: PIE: Created PIE world by copying editor world from /Game/NewMap.NewMap to /Game/UEDPIE_0_NewMap.NewMap (0.002954s)
[2019.07.30-12.45.33:470][249]LogInit: XAudio2 using 'Acer XB241H (NVIDIA High Definition Audio)' : 2 channels at 48 kHz using 16 bits per sample (channel mask 0x3)
[2019.07.30-12.45.33:480][249]LogInit: FAudioDevice initialized.
[2019.07.30-12.45.33:512][249]LogLoad: Game class is 'GameModeBase'
[2019.07.30-12.45.33:513][249]LogWorld: Bringing World /Game/UEDPIE_0_NewMap.NewMap up for play (max tick rate 0) at 2019.07.30-22.45.33
[2019.07.30-12.45.33:513][249]LogWorld: Bringing up level for play took: 0.000717
[2019.07.30-12.45.33:526][249]PIE: Play in editor start time for /Game/UEDPIE_0_NewMap 0.987
[2019.07.30-12.45.33:526][249]LogBlueprintUserMessages: Late PlayInEditor Detection: Level '/Game/NewMap.NewMap:PersistentLevel' has LevelScriptBlueprint '/Game/NewMap.NewMap:PersistentLevel.NewMap' with GeneratedClass '/Game/NewMap.NewMap_C' with ClassGeneratedBy '/Game/NewMap.NewMap:PersistentLevel.NewMap'
[2019.07.30-12.45.35:743][249]LogWindows: Error: === Critical error: ===
[2019.07.30-12.45.35:743][249]LogWindows: Error: 
[2019.07.30-12.45.35:743][249]LogWindows: Error: Fatal error!
[2019.07.30-12.45.35:743][249]LogWindows: Error: 
[2019.07.30-12.45.35:743][249]LogWindows: Error: Unhandled Exception: EXCEPTION_ACCESS_VIOLATION reading address 0x000003f8
[2019.07.30-12.45.35:743][249]LogWindows: Error: 
[2019.07.30-12.45.35:743][249]LogWindows: Error: [Callstack] 0x00007ffbe046275d UE4Editor-Tower-1486.dll!ABasicTower::getEnemy() [d:\unreal\tower\tower\source\tower\basictower.cpp:96]
[2019.07.30-12.45.35:743][249]LogWindows: Error: [Callstack] 0x00007ffbe04620c5 UE4Editor-Tower-1486.dll!ABasicTower::Tick() [d:\unreal\tower\tower\source\tower\basictower.cpp:47]
[2019.07.30-12.45.35:743][249]LogWindows: Error: [Callstack] 0x00007ffbf34e405f UE4Editor-Engine.dll!UnknownFunction []
[2019.07.30-12.45.35:743][249]LogWindows: Error: [Callstack] 0x00007ffbf349f123 UE4Editor-Engine.dll!UnknownFunction []
[2019.07.30-12.45.35:743][249]LogWindows: Error: [Callstack] 0x00007ffbf4744a2d UE4Editor-Engine.dll!UnknownFunction []
[2019.07.30-12.45.35:743][249]LogWindows: Error: [Callstack] 0x00007ffbf9f91798 UE4Editor-Core.dll!UnknownFunction []
[2019.07.30-12.45.35:743][249]LogWindows: Error: [Callstack] 0x00007ffbf9f91c56 UE4Editor-Core.dll!UnknownFunction []
[2019.07.30-12.45.35:743][249]LogWindows: Error: [Callstack] 0x00007ffbf9fa5085 UE4Editor-Core.dll!UnknownFunction []
[2019.07.30-12.45.35:743][249]LogWindows: Error: [Callstack] 0x00007ffbf479bb64 UE4Editor-Engine.dll!UnknownFunction []
[2019.07.30-12.45.35:743][249]LogWindows: Error: [Callstack] 0x00007ffbf47ab9a2 UE4Editor-Engine.dll!UnknownFunction []
[2019.07.30-12.45.35:743][249]LogWindows: Error: [Callstack] 0x00007ffbf3e7b6e4 UE4Editor-Engine.dll!UnknownFunction []
[2019.07.30-12.45.35:743][249]LogWindows: Error: [Callstack] 0x00007ffbf3e874e2 UE4Editor-Engine.dll!UnknownFunction []
[2019.07.30-12.45.35:743][249]LogWindows: Error: [Callstack] 0x00007ffbf1a52085 UE4Editor-UnrealEd.dll!UnknownFunction []
[2019.07.30-12.45.35:743][249]LogWindows: Error: [Callstack] 0x00007ffbf2372346 UE4Editor-UnrealEd.dll!UnknownFunction []
[2019.07.30-12.45.35:743][249]LogWindows: Error: [Callstack] 0x00007ff617f66225 UE4Editor.exe!UnknownFunction []
[2019.07.30-12.45.35:743][249]LogWindows: Error: [Callstack] 0x00007ff617f7596c UE4Editor.exe!UnknownFunction []
[2019.07.30-12.45.35:743][249]LogWindows: Error: [Callstack] 0x00007ff617f759ea UE4Editor.exe!UnknownFunction []
[2019.07.30-12.45.35:743][249]LogWindows: Error: [Callstack] 0x00007ff617f848da UE4Editor.exe!UnknownFunction []
[2019.07.30-12.45.35:743][249]LogWindows: Error: [Callstack] 0x00007ff617f8659a UE4Editor.exe!UnknownFunction []
[2019.07.30-12.45.35:743][249]LogWindows: Error: [Callstack] 0x00007ffc87804034 KERNEL32.DLL!UnknownFunction []
[2019.07.30-12.45.35:743][249]LogWindows: Error: [Callstack] 0x00007ffc887b3691 ntdll.dll!UnknownFunction []
[2019.07.30-12.45.35:743][249]LogWindows: Error: 
[2019.07.30-12.45.35:751][249]LogExit: Executing StaticShutdownAfterError
[2019.07.30-12.45.35:754][249]LogWindows: FPlatformMisc::RequestExit(1)
[2019.07.30-12.45.35:757][249]Log file closed, 07/30/19 22:45:35
